2025-11-17 11:04:28,356 - INFO - ✅ 所有依赖库已安装
2025-11-17 11:04:28,357 - INFO - 🚀 开始WoW数据集完整分析...
2025-11-17 11:04:28,467 - INFO - ✅ 加载了 100 条数据
2025-11-17 11:04:28,476 - INFO - 
📋 基础统计信息:
2025-11-17 11:04:28,476 - INFO -    总对话数: 100
2025-11-17 11:04:28,476 - INFO -    主题数量: 90
2025-11-17 11:04:28,477 - INFO -    平均对话轮次: 9.15
2025-11-17 11:04:28,477 - INFO -    平均块尺寸: 2195 字符
2025-11-17 11:04:29,028 - INFO - 📊 主题分布图已保存为 topic_distribution.png
2025-11-17 11:04:29,317 - INFO - 📊 轮次分布图已保存为 turn_distribution.png
2025-11-17 11:04:29,683 - INFO - 📊 块尺寸分布图已保存为 chunk_size_distribution.png
2025-11-17 11:04:31,123 - INFO - ☁️ 词云图已保存为 word_cloud.png
2025-11-17 11:04:31,123 - INFO - 🎨 所有可视化图表已生成！
2025-11-17 11:04:31,126 - INFO - ✅ 分析和可视化完成！
2025-11-17 11:04:31,126 - INFO - 
📁 生成的文件:
2025-11-17 11:04:31,127 - INFO -    ✅ topic_distribution.png
2025-11-17 11:04:31,127 - INFO -    ✅ turn_distribution.png
2025-11-17 11:04:31,127 - INFO -    ✅ chunk_size_distribution.png
2025-11-17 11:04:31,127 - INFO -    ✅ word_cloud.png
2025-11-17 11:04:31,127 - INFO -    ✅ wow_visualization.log
